points (4,-25) (25,8) (-10,43) (-81,22) (82,82) distance 314.07 shortcut 132.41
points (-23,6) (-38,47) (-37,-77) (-89,-17) (21,-93) (-97,73) distance 486.10 shortcut 60.17
points (9,36) (-46,66) (-81,-21) (10,-85) (-87,50) distance 452.27 shortcut 62.65
points (17,26) (48,25) (-35,-44) (52,48) (41,-76) (20,87) (-86,-34) (37,87) (-39,89) (-78,-93) distance 1131.47 shortcut 59.54
points (-27,-17) (49,-19) (52,29) (42,-43) (-4,64) (34,61) (-69,-33) (59,64) (-38,93) distance 644.06 shortcut 135.96
points (-6,-6) (2,-10) (20,28) (-63,-20) (73,12) (-13,-83) (98,18) (-62,-93) (95,68) distance 679.08 shortcut 74.53
points (12,-2) (63,-11) (40,-59) (-2,-95) (13,-100) (-89,95) distance 405.20 shortcut 200.89
points (-8,6) (12,7) (-29,13) (-26,32) (47,-13) (76,-45) (93,-9) (-62,-92) (61,-96) distance 851.28 shortcut 85.76
points (26,29) (28,33) (-47,24) (-42,33) (69,53) (-95,73) distance 324.83 shortcut 49.24
points (-1,-8) (-26,-1) (57,-37) (40,68) (-71,-65) (-95,-28) distance 506.84 shortcut 131.03
points (-26,-18) (-7,48) (58,40) (-4,86) (48,-75) (-7,97) (89,-47) (-63,86) distance 841.55 shortcut 92.36
points (-27,-4) (-39,33) (35,87) (73,-62) (-69,67) (61,89) (89,85) distance 626.10 shortcut 146.86
points (33,-15) (81,16) (-83,34) (-55,-95) distance 315.07 shortcut 175.55
points (11,9) (17,-29) (38,-57) (73,-15) distance 156.15 shortcut 38.47
points (-63,14) (71,17) (40,-73) (-84,-75) (79,-90) distance 409.42 shortcut 176.01
points (-1,-33) (58,39) (74,-22) (1,89) (-96,-3) (-43,-93) distance 612.18 shortcut 75.82
points (12,2) (14,4) (80,64) distance 94.85 shortcut 89.20
points (31,57) (-68,53) (67,-71) (-15,-100) (-99,-39) (-73,94) distance 862.87 shortcut 103.81
points (39,-36) (-56,-55) (91,-3) (-59,-74) (75,65) (-27,100) distance 706.11 shortcut 156.63
points (-2,14) (-52,7) (14,-76) (79,-28) (75,-66) (60,100) distance 593.68 shortcut 111.04
points (-16,-85) (-88,-34) (-83,49) (-64,-86) (-75,84) distance 478.07 shortcut 179.00
points (13,55) (70,-22) (-81,-47) distance 248.86 shortcut 138.71
points (28,-8) (-17,30) (48,28) (-78,37) (84,88) distance 395.11 shortcut 61.40
points (-55,4) (43,44) (-71,-25) distance 138.97 shortcut 133.26
points (-42,0) (-45,-38) (52,63) (-100,21) (-30,98) distance 423.49 shortcut 113.16
points (17,-12) (-24,12) (-8,-51) (-56,9) (-60,49) (75,-43) (-96,6) (72,-93) (80,96) distance 930.28 shortcut 177.88
points (-25,-6) (31,-4) (48,-17) (70,-83) (-56,97) (-92,93) (-98,-88) distance 933.40 shortcut 107.56
points (-24,18) (-63,48) (55,-59) (80,45) distance 377.05 shortcut 143.03
points (8,-51) (-42,-80) (-35,100) (-92,72) distance 374.82 shortcut 63.51
points (-47,-2) (-28,42) (-65,-2) (53,-49) (86,-100) distance 492.32 shortcut 121.83
points (-19,-6) (31,-39) (71,-9) (-52,-50) (-54,64) (-98,7) (-47,-89) (70,-87) distance 785.76 shortcut 87.60
points (-17,16) (-43,-32) (66,52) (67,60) (96,-6) (89,-55) (-94,46) (-40,98) (-97,-54) (70,-89) distance 1089.67 shortcut 196.99
points (-30,-14) (-41,-2) (-55,38) (-70,-23) (75,-23) (-78,-59) (-98,8) (90,-44) (-78,-73) (96,-70) distance 1027.73 shortcut 174.35
points (-49,14) (-90,23) (73,58) (80,-49) (6,96) (74,-77) distance 469.41 shortcut 162.79
points (-43,40) (77,17) (-60,-53) (77,28) (-81,-45) distance 248.76 shortcut 159.15
points (8,12) (48,65) (-82,-25) (-99,48) distance 254.25 shortcut 158.11
points (2,23) (23,45) (-76,14) (-78,-3) (-1,-91) (60,71) (94,12) (34,95) (-92,57) (87,70) distance 997.20 shortcut 152.64
points (9,14) (25,20) (-62,22) (-17,-69) (59,-43) (-86,16) (-73,51) distance 591.17 shortcut 137.35
points (-2,-19) (-22,-10) (-56,25) (31,-59) (25,71) (98,-71) (-98,87) distance 760.48 shortcut 48.80
points (-22,9) (21,-16) (-30,-22) (-46,25) (-25,-80) (-59,77) (-50,90) (81,-86) (79,96) distance 867.06 shortcut 127.58
points (-26,53) (-44,-44) (-56,-62) (-6,94) (40,-94) (61,-82) (-56,-96) distance 582.31 shortcut 117.83
points (4,-9) (15,10) (-60,17) (12,72) (80,-35) (-97,16) (81,-61) (-100,-35) distance 632.94 shortcut 123.49
points (31,1) (33,4) (13,-49) (-88,-88) distance 313.41 shortcut 3.61
points (-11,5) (11,-79) (-85,-42) distance 190.55 shortcut 86.83
points (-15,39) (20,-74) (-7,77) (68,59) (-28,88) (-76,61) (84,65) (-95,-53) (-70,-97) (-85,-96) distance 936.64 shortcut 146.70
points (4,-58) (-74,6) (-56,-79) (48,94) distance 300.88 shortcut 158.24
points (-3,-59) (-36,-56) (62,-34) (88,48) (63,82) (-99,31) (44,-100) (-81,-89) distance 933.69 shortcut 223.56
points (-32,1) (-35,79) (-67,-79) distance 165.38 shortcut 161.21
points (-29,17) (26,39) (-27,-56) (-50,-68) (83,-17) (-57,80) (-99,-53) distance 610.89 shortcut 155.21
points (6,20) (13,21) (-41,34) (-31,64) (69,-27) (-1,-75) (80,83) distance 667.96 shortcut 61.52
points (-52,21) (25,-53) (6,89) (-95,-19) (-82,65) (49,100) (86,-91) distance 830.86 shortcut 135.59
points (7,-42) (64,-32) (21,-79) (-39,80) (94,-2) (-85,-62) distance 674.35 shortcut 95.75
points (-8,-8) (57,1) (45,49) (39,57) (-35,70) (74,-42) distance 398.15 shortcut 75.13
points (-12,-9) (-24,9) (-4,-45) (82,18) (-67,70) (-69,84) distance 353.88 shortcut 97.80
points (-5,53) (-39,-49) (-35,-58) (-8,-71) (-73,-9) (71,20) (-74,46) (-77,84) distance 771.22 shortcut 114.98
points (1,3) (9,49) (-72,6) (-57,47) (-74,-29) distance 312.08 shortcut 35.06
points (24,42) (85,30) (32,88) (60,76) (-73,64) (45,88) distance 281.76 shortcut 107.71
points (12,7) (0,-21) (41,16) (11,-65) (-74,-23) (-61,-57) (30,-96) (70,-75) distance 697.40 shortcut 30.46
points (-8,-12) (36,-2) (48,-31) (49,-79) distance 124.52 shortcut 87.97
points (-5,-18) (-63,10) (77,-9) (78,1) (6,-78) (-92,-3) distance 540.51 shortcut 10.05
points (39,-26) (-35,79) (-53,-78) (-39,-91) (-72,-70) (63,85) (-98,58) (-76,-99) distance 979.30 shortcut 143.25
points (-19,5) (-52,7) (-30,-48) (-62,12) (-40,-80) (76,50) (-74,57) (-81,47) (97,31) distance 853.57 shortcut 107.82
points (44,5) (32,-55) (-41,-54) (74,35) (-25,82) (16,94) (63,73) (-57,78) (-97,-42) (95,88) distance 1028.17 shortcut 124.62
points (0,-4) (-31,-15) (14,44) (-63,12) (36,69) (83,37) (10,-92) (83,50) (99,-85) distance 656.03 shortcut 89.27
points (-10,62) (-10,-68) (-42,61) (-25,-76) (-47,-85) (2,99) distance 624.65 shortcut 38.90
points (23,13) (0,34) (-64,-46) (49,-98) (-97,94) distance 485.62 shortcut 114.06
points (-32,-45) (27,-63) (-6,-73) (-68,-53) (36,-91) (79,59) (-97,-43) (60,-91) distance 539.84 shortcut 95.82
points (40,-42) (84,23) (90,33) distance 101.80 shortcut 78.49
points (21,0) (-19,17) (-61,-11) (-61,-31) (-67,-42) (74,43) (85,18) (-32,-96) (-89,83) distance 927.67 shortcut 153.95
points (20,34) (35,-53) (-51,-39) (-36,-80) (-84,-28) (-67,78) (92,49) (96,-74) distance 956.29 shortcut 116.85
points (-44,-64) (-76,-37) (-43,-79) (98,-6) (96,63) distance 600.17 shortcut 153.39
points (12,10) (38,-41) (-79,-38) (36,82) distance 359.14 shortcut 57.25
points (31,31) (41,-40) (-32,57) (34,-57) (-20,-90) (-92,-59) (54,96) distance 650.26 shortcut 63.29
points (-38,-12) (20,-75) (69,39) (-83,-29) (-34,-91) (-27,96) (-68,-76) (37,-97) (38,-97) distance 1081.76 shortcut 85.63
points (-50,-12) (82,-4) (-20,-85) (32,-82) (80,-58) (97,32) (-62,-86) (70,-89) distance 514.55 shortcut 142.58
points (-76,22) (-35,-93) (77,81) distance 370.91 shortcut 122.09
points (-40,24) (57,-22) (64,1) (72,-44) (-53,-67) (10,-98) (89,-93) distance 568.10 shortcut 97.27
points (-25,-33) (-37,31) (77,28) (73,-66) (-49,95) (-81,82) distance 680.20 shortcut 67.36
points (-7,20) (0,47) (38,54) (73,-6) (-35,-76) (84,19) (81,-30) (80,46) (-81,-54) (-89,41) distance 1156.20 shortcut 88.54
points (-16,-25) (-13,33) (-20,30) (32,36) (37,55) (79,29) (92,13) (-81,-79) (88,84) distance 810.41 shortcut 47.52
points (30,-10) (0,34) (-32,26) (-39,39) (82,3) (36,-85) (-44,-100) (91,-65) (-85,73) (-86,85) distance 859.43 shortcut 82.13
points (-20,5) (13,-33) (70,11) (-78,-11) (-57,72) (92,45) (-83,91) distance 625.11 shortcut 85.62
points (-70,31) (-83,31) (23,87) (25,94) (-43,-100) (-82,-95) distance 686.31 shortcut 13.00
points (-5,-78) (89,16) (-55,-86) distance 227.10 shortcut 132.94
points (17,13) (22,27) (24,-26) (71,3) (67,-46) (1,82) (87,1) (97,3) (-93,-36) (84,-74) distance 780.18 shortcut 176.71
points (10,17) (6,-47) (-29,47) (58,8) (-81,-3) (99,-10) (-97,51) distance 701.43 shortcut 64.12
points (-54,22) (16,-67) (-39,75) (79,-40) (88,15) (97,-31) (99,31) (63,92) (92,-94) distance 1023.94 shortcut 46.87
points (-10,-7) (16,-19) (-10,72) (-92,36) distance 289.75 shortcut 28.64
points (-8,-3) (1,33) (-5,-42) (18,90) (-97,6) (96,48) distance 426.64 shortcut 135.28
points (-28,-5) (41,-31) (9,51) (52,0) (-51,29) (31,-68) (80,-46) (-53,100) (69,-93) (-79,-87) distance 950.52 shortcut 111.63
points (-58,-9) (-5,-75) (39,-93) (99,30) (-67,-93) distance 480.47 shortcut 128.32
points (-50,-6) (32,43) (-84,70) distance 202.36 shortcut 95.52
points (36,25) (-33,32) (-1,-47) (-23,-59) (-13,-70) (65,-36) (86,28) (43,-91) (-94,-61) (93,-75) distance 794.19 shortcut 67.54
points (-26,-57) (-74,-30) (-32,-74) (-27,-76) (-94,93) distance 249.93 shortcut 124.62
points (36,36) (-63,61) (-82,-90) (81,95) distance 394.79 shortcut 152.19
points (2,32) (35,44) (-74,-6) (-82,55) (-56,89) distance 297.88 shortcut 42.80
points (-17,-38) (85,-30) (65,76) (-37,97) (68,81) distance 536.43 shortcut 140.43
points (-6,-19) (39,-35) (-70,-16) (-35,72) (-80,31) (-1,89) (57,-71) (-87,-34) (-50,82) (-53,86) distance 740.34 shortcut 186.70
points (28,70) (-71,45) (-87,13) (-46,-82) distance 374.63 shortcut 35.78
points (45,18) (-48,-52) (-66,39) (90,-41) (-24,97) (-49,97) distance 703.39 shortcut 150.92
points (-34,42) (-23,75) (63,-47) (66,50) (-81,29) (-29,-99) (-98,86) (91,100) distance 997.25 shortcut 208.83
points (29,-25) (-45,-36) (-64,-13) (8,68) (11,74) (12,-84) (80,70) distance 583.53 shortcut 72.03
points (23,19) (79,17) (63,-56) (90,-29) (-69,-79) (-63,-99) (89,-87) (-91,94) distance 819.00 shortcut 158.20
points (-20,-26) (-44,31) (-52,32) (-36,68) (26,-74) (-89,-24) (-70,72) distance 546.90 shortcut 126.19
points (-21,-15) (-31,-3) (-31,-55) (-28,-70) (77,4) (50,-78) (-33,89) (88,-76) distance 700.26 shortcut 38.05
points (52,3) (89,6) (100,2) (-100,4) (-37,-95) (89,54) (88,-58) distance 847.37 shortcut 37.12
points (-55,3) (-70,31) (-79,42) (-92,1) (100,-2) (89,84) distance 581.68 shortcut 173.17
points (2,20) (-25,-55) (60,30) (87,9) (83,50) (82,68) distance 366.64 shortcut 86.38
points (13,23) (-67,39) (-74,27) (-6,84) (-41,-93) distance 411.61 shortcut 81.58
points (0,3) (-29,14) (-14,-58) (26,-55) (-92,6) (74,57) (48,83) (96,-5) (97,-13) (94,38) distance 744.91 shortcut 139.74
points (66,-60) (86,-29) (-100,-27) (91,-50) (-89,-73) distance 549.96 shortcut 169.25
points (-39,15) (-4,-75) (83,11) (81,-64) distance 282.80 shortcut 96.57
points (-2,-3) (58,72) (-64,89) distance 219.23 shortcut 110.94
points (32,17) (49,-49) (88,8) (59,74) (-82,-58) distance 450.24 shortcut 63.07
points (57,-30) (52,49) (-73,8) (-74,59) distance 416.32 shortcut 135.44
points (-14,-26) (-17,25) (6,32) (-21,-29) (-54,1) (-3,71) (67,51) (89,-4) (91,-47) (-65,89) distance 861.52 shortcut 91.05
points (55,-8) (46,45) (62,-32) (52,49) (-80,-27) (-29,85) (-92,44) (98,76) distance 822.03 shortcut 145.12
points (-19,-10) (23,-26) (-59,28) (-32,66) (62,-58) (18,88) (6,93) (-96,8) (-94,-46) distance 817.20 shortcut 120.21
points (44,-11) (-61,-48) (-5,-78) (35,-81) (77,61) (58,86) distance 642.96 shortcut 83.01
points (-3,39) (22,-50) (92,-29) (-71,68) (96,36) (52,90) (-65,-87) (-94,-60) distance 1149.08 shortcut 73.08
points (-41,-25) (68,-25) (-28,-70) (55,-69) (-49,75) (96,18) (100,31) (-94,-94) distance 1048.54 shortcut 105.60
points (-25,-24) (-4,45) (-30,52) (62,22) (66,12) (-66,-45) (31,74) (86,-21) distance 679.38 shortcut 98.41
points (3,-76) (60,-54) (83,14) (31,-84) (72,58) distance 228.84 shortcut 120.42
points (-22,-21) (27,16) (28,64) (-70,2) (60,-63) (98,-49) (-82,76) (-86,-85) (-79,93) distance 780.45 shortcut 96.26
points (-3,29) (41,7) (0,-63) (73,22) (73,29) (96,-65) distance 355.61 shortcut 92.05
points (23,-2) (3,28) (80,4) (-99,-60) (76,94) distance 459.65 shortcut 90.09
points (5,-92) (-100,-5) (-69,-84) distance 159.30 shortcut 136.36
points (33,46) (-39,50) (23,61) (-33,57) (25,-64) (73,5) (74,77) (95,-55) (-68,94) (68,100) distance 859.55 shortcut 183.34
points (7,5) (-55,14) (59,49) (-38,83) (-73,58) (-42,-89) (86,-70) distance 740.02 shortcut 171.01
points (53,-65) (-71,-74) (-93,-59) distance 270.45 shortcut 26.63
points (-13,-18) (-18,59) (31,-87) (-87,-39) (53,97) distance 419.92 shortcut 127.39
points (-4,22) (29,36) (6,-62) (-61,-14) (0,73) (74,-9) (57,64) (-64,59) (-58,96) distance 871.49 shortcut 65.51
points (30,-17) (-25,-51) (-79,12) distance 195.77 shortcut 64.66
points (14,24) (-43,7) (-15,57) (-68,-53) (-12,88) (89,-89) distance 514.25 shortcut 203.79
points (-3,15) (11,-17) (-13,50) (-45,-52) (6,-77) (84,11) (75,50) (-73,-69) (85,-62) (98,87) distance 916.54 shortcut 148.82
points (23,32) (-34,-23) (-52,42) (-73,-41) (87,-7) (70,-55) (-93,-21) (-97,32) (-83,71) distance 732.92 shortcut 122.05
points (-16,54) (-6,62) (-71,33) (68,-41) (78,-29) (-58,-63) (-64,-65) (39,92) (69,-99) distance 784.51 shortcut 182.85
points (-73,-10) (-64,39) (97,-8) (-21,99) (-55,-95) distance 589.50 shortcut 49.82
points (13,39) (3,65) (67,20) (48,67) (-71,-42) (-73,47) (88,5) (-18,-93) (88,-57) (94,-64) distance 1223.50 shortcut 88.23
points (-35,-21) (61,25) (95,39) (90,52) (67,95) distance 292.90 shortcut 106.45
points (38,-25) (-11,-95) (-6,-98) (35,-95) distance 196.62 shortcut 5.83
points (-30,13) (16,32) (40,55) (23,64) (67,64) (-35,-86) (-71,-71) (96,47) (-86,66) distance 907.43 shortcut 33.24
points (-73,-11) (0,-94) (45,99) distance 308.71 shortcut 161.32
points (-7,-22) (5,-37) (-63,-64) (-42,91) (-76,79) (87,79) (77,-95) distance 769.17 shortcut 143.59
points (-33,13) (18,44) (-17,45) (-58,-37) (78,-50) (-40,93) (65,-84) distance 769.78 shortcut 152.86
points (-3,-19) (3,35) (31,-22) (60,-28) (-63,62) (87,42) distance 425.42 shortcut 100.80
points (14,12) (-30,-44) (-8,57) (-15,-65) (80,-30) (89,-16) (77,59) (-66,78) (74,91) (78,97) distance 820.98 shortcut 110.89
points (16,4) (18,-30) (38,-52) (-3,79) (-44,79) (82,-49) (-94,-25) (73,-90) (93,-89) distance 1108.12 shortcut 95.43
points (-14,48) (-47,29) (27,49) (-78,1) (-47,-72) (42,84) (19,94) (-87,-84) distance 768.93 shortcut 207.17
points (22,-27) (-9,85) (-84,-54) distance 267.33 shortcut 116.21
points (-36,16) (-40,52) (-66,-9) (-57,73) (-39,-90) (68,-74) (-95,39) (-65,87) (-98,-95) distance 888.42 shortcut 208.83
points (58,-11) (69,21) (-74,23) distance 170.15 shortcut 143.01
points (-36,57) (71,24) (-51,-61) (-54,-64) distance 276.06 shortcut 111.97
points (65,13) (-42,-52) (27,63) (-18,70) (39,-63) (-23,-73) (-77,31) (-95,-13) distance 705.47 shortcut 45.54
points (21,-40) (-13,-55) (54,55) (85,1) (-90,16) distance 367.09 shortcut 62.27
points (-17,-32) (-31,-41) (-23,71) (76,-9) (-73,-34) (52,67) (94,-41) (-67,-99) distance 866.26 shortcut 171.13
points (3,-41) (67,-27) (58,53) (79,77) distance 206.31 shortcut 104.69
points (11,32) (49,10) (-17,-53) (14,-78) (-12,81) (70,-67) (-21,97) (24,-100) (65,-83) distance 621.78 shortcut 199.49
points (31,-31) (-22,-47) (-48,29) (22,61) (-77,-72) (-90,60) (-77,-92) distance 728.78 shortcut 182.24
points (40,30) (-3,83) (76,55) (30,-92) distance 360.25 shortcut 68.25
points (33,-27) (-37,-53) (-55,47) (-31,81) (-79,-45) (-20,95) (-61,100) (98,-76) distance 600.09 shortcut 133.02
points (-39,-62) (36,-76) (-68,-71) (-96,75) distance 379.31 shortcut 104.12
points (-32,-14) (-48,-5) (40,-54) (-38,62) (-32,73) (92,-44) (67,84) (88,-73) (74,-95) distance 697.40 shortcut 53.26
points (-28,47) (32,68) (94,65) distance 186.89 shortcut 62.07
points (31,-33) (11,45) (62,-40) (-61,-45) (-41,-72) (-20,87) (17,94) (-100,100) distance 753.44 shortcut 37.66
points (-3,-28) (87,-17) (100,-29) (-54,99) distance 354.80 shortcut 90.67
points (1,3) (-27,28) (-25,-33) (-42,14) (-47,45) (67,11) (80,-7) (-75,-46) (-72,69) distance 685.31 shortcut 123.79
points (-40,18) (-23,-46) (-54,-14) (-52,66) (-95,22) distance 255.95 shortcut 115.69
points (-11,6) (79,10) (23,85) (30,87) (-31,-90) (-99,20) (83,-69) distance 914.24 shortcut 183.14
points (-27,63) (76,19) (-86,-16) (-59,66) (90,-21) (-98,80) distance 489.79 shortcut 41.44
points (-31,14) (56,-27) (-50,-70) (26,84) (24,-92) (-61,75) distance 692.24 shortcut 171.73
points (-32,22) (77,-10) (-15,-90) (-53,-78) (87,-43) (96,-19) (95,-79) distance 656.27 shortcut 146.71
points (-29,-34) (-46,43) (-27,-61) (-24,84) (-31,90) (-74,-71) (-91,55) (94,-64) distance 812.35 shortcut 73.01
points (44,-29) (53,-22) (-46,37) (70,44) (-81,28) (-89,52) (96,-65) distance 637.38 shortcut 160.12
points (-56,5) (-56,-17) (-59,-18) (-71,-11) (-27,-67) (8,-75) (-32,-73) (3,85) (41,91) (95,-32) distance 1006.73 shortcut 101.67
points (31,12) (23,43) (73,-17) (-43,74) (-24,-85) (41,87) (-91,43) (-54,-97) (81,86) distance 848.53 shortcut 144.47
points (-16,-6) (-6,34) (-9,-52) (-51,53) (45,66) (61,73) (-84,47) distance 433.72 shortcut 129.77
points (-32,-43) (-49,-30) (17,58) (69,29) (34,-96) distance 316.79 shortcut 112.26
points (26,25) (33,40) (-54,-24) (-35,-72) (85,14) (-66,74) distance 513.45 shortcut 147.63
points (52,-77) (75,57) (48,-84) distance 144.02 shortcut 143.56
points (15,-28) (81,5) (85,3) (21,93) (81,90) distance 402.59 shortcut 110.44
points (-2,-9) (-21,-9) (-23,-49) (-9,70) (-29,-82) distance 245.90 shortcut 79.31
points (-36,43) (58,-15) (16,75) (-78,32) distance 257.24 shortcut 99.32
points (35,-1) (-9,46) (50,23) (53,-36) (61,-46) (84,0) (66,-72) (48,-91) (91,-56) (-83,-74) distance 747.86 shortcut 28.30
points (18,-24) (-2,63) (60,30) (32,75) distance 204.45 shortcut 70.24
points (43,27) (63,10) (-51,88) (82,-78) distance 314.09 shortcut 138.13
points (18,-2) (67,-56) (25,91) (97,-6) (82,-67) (89,79) distance 425.67 shortcut 72.92
points (17,43) (-4,47) (-33,56) (73,13) (75,-20) (-59,-52) (74,-67) (-100,17) (-85,-61) distance 758.15 shortcut 119.85
points (9,-27) (21,-27) (-74,-38) (60,-86) (98,41) distance 382.65 shortcut 112.00
points (34,15) (5,44) (-90,-3) (16,-96) distance 307.33 shortcut 140.43
points (-30,29) (-75,27) (-80,-1) (46,-69) (-83,25) distance 274.16 shortcut 143.18
points (7,35) (83,-74) (-70,94) distance 360.11 shortcut 97.01
points (8,-33) (-30,-40) (3,53) (-26,71) (100,-11) (93,62) distance 560.24 shortcut 133.20
points (-15,-37) (-79,-4) (84,-48) (-65,-74) (89,50) distance 473.94 shortcut 62.20
points (-12,-5) (-7,-25) (49,41) (0,85) (85,-41) (-11,-98) (-20,100) (91,60) distance 699.89 shortcut 125.67
points (5,10) (-12,-47) (-46,35) (-70,2) (58,44) (60,77) (-70,71) (-95,-37) (-41,95) (71,-84) distance 911.99 shortcut 211.15
points (-8,-4) (23,-10) (-65,-10) (-37,-94) distance 223.35 shortcut 57.31
points (49,-4) (-64,60) (25,-92) (-95,-97) distance 410.00 shortcut 91.21
points (-55,-17) (72,48) (92,6) (72,64) (90,48) distance 363.90 shortcut 42.05
points (25,2) (-20,25) (4,-46) (88,7) (-36,86) (0,100) (87,-98) distance 561.28 shortcut 146.05
points (32,30) (-56,17) (-31,52) (20,62) distance 143.92 shortcut 88.32
points (-25,-14) (35,1) (-42,-28) (31,-41) (-55,-8) (0,-58) (61,-53) distance 391.10 shortcut 94.43
points (-16,74) (67,51) (70,-93) (98,-65) distance 347.51 shortcut 86.13
points (-7,54) (-65,-9) (14,-71) (64,-50) (-76,53) (-91,92) distance 488.61 shortcut 100.42
points (-35,-52) (-55,73) (91,14) (-95,-18) distance 353.02 shortcut 188.73
points (-18,-32) (-69,-7) (-75,36) (-52,-71) distance 206.69 shortcut 43.42
points (-56,26) (-22,73) (-89,-31) distance 181.72 shortcut 65.86
points (28,-10) (-18,-39) (-52,30) (83,1) (79,-29) (-38,-80) (-13,-92) (27,95) (83,62) (93,-74) distance 1217.47 shortcut 89.44
points (-16,20) (-24,-20) (-36,-15) (66,-22) (-36,71) (-78,-19) (-96,1) (-71,84) (94,73) distance 674.09 shortcut 62.10
points (-35,-8) (14,67) (-87,-26) (-38,-92) (-91,51) distance 408.91 shortcut 82.20
points (-16,5) (-54,49) (39,69) (19,-81) (-9,91) (83,-55) (-100,4) (82,63) distance 842.81 shortcut 172.57
points (-15,-33) (29,50) (-36,49) (-71,30) (92,-26) (-94,-39) (-93,-52) (-79,-94) distance 648.31 shortcut 88.41
points (19,-3) (25,-20) (-37,-2) (-41,66) (-100,-36) (95,57) distance 572.07 shortcut 104.06
points (29,-34) (36,-36) (10,69) (11,74) (81,-47) (-16,98) (37,100) distance 526.64 shortcut 104.74
points (-30,-5) (-37,40) (-12,65) (-9,74) (-86,-1) (-11,-91) (53,84) (98,66) distance 746.34 shortcut 63.89
points (76,-18) (70,-78) (71,-87) (68,94) distance 190.52 shortcut 172.01
points (44,6) (19,53) (-36,61) (-73,45) (-94,1) (90,-59) distance 681.17 shortcut 138.09
points (49,55) (57,-57) (-81,-80) (69,96) (95,81) distance 534.30 shortcut 187.42
points (-17,-20) (-46,-7) (-33,60) (-80,-16) (-95,50) (-87,-69) (91,98) distance 490.56 shortcut 205.52
points (44,33) (25,-53) (71,30) (-27,80) (-53,72) (-65,-84) distance 492.47 shortcut 110.02
points (-7,-22) (26,26) (34,23) (-5,53) (55,-73) (67,75) (-54,89) (-97,-75) (99,-96) distance 943.23 shortcut 63.89
points (-31,0) (37,21) (67,12) (-38,-62) (-77,28) (38,-73) (11,87) (-92,-12) (-80,-75) distance 802.59 shortcut 98.09
points (-21,37) (-47,5) (-40,26) (57,22) (-51,38) (-87,39) (61,-79) (91,92) distance 674.48 shortcut 173.61
points (-20,42) (43,-31) (80,-14) (53,-66) (87,-1) (-73,-56) (86,37) (-98,-43) (81,88) (88,98) distance 1179.82 shortcut 124.92
points (27,35) (60,-23) (-28,-60) (-53,-86) distance 212.57 shortcut 129.38
points (53,23) (36,-47) (-61,6) (-64,52) (-20,-81) (76,-42) (40,80) (67,-71) (-79,65) distance 744.85 shortcut 127.06
points (11,60) (-62,17) (-67,-16) (70,20) (-74,-39) (-97,9) (86,-46) (54,-93) distance 986.05 shortcut 119.44
points (3,-22) (-22,45) (62,13) (-43,77) (59,70) (51,-85) (-68,78) (-80,72) distance 826.74 shortcut 37.34
points (28,-8) (27,20) (-21,-34) (-28,53) (-41,-51) (55,37) (43,69) (31,83) (90,-39) (91,-83) distance 707.87 shortcut 44.01
points (10,59) (-36,-51) (44,-46) (-70,10) (76,19) (-71,-36) (23,78) (96,28) (99,-79) (-87,98) distance 1077.74 shortcut 64.14
points (-28,54) (67,-14) (73,36) distance 152.95 shortcut 116.83
points (-15,5) (-43,-12) (-32,36) (-40,43) (-57,-18) (-21,56) (-59,-41) (-66,-47) (79,-24) (-4,86) distance 696.24 shortcut 23.09
points (61,-49) (-76,38) (-88,-28) (-76,65) (-53,100) (-91,99) distance 456.53 shortcut 132.70
points (-36,33) (16,53) (68,1) (36,-68) (-69,-36) (30,85) distance 480.77 shortcut 153.12
points (-29,-39) (44,22) (59,-5) (28,63) (7,70) (-63,-73) (44,94) (-78,-100) distance 946.24 shortcut 139.67
points (6,-33) (63,25) (69,-4) (-57,-55) (86,32) (-54,100) (-95,84) distance 722.91 shortcut 44.01
points (10,-16) (-28,-29) (-20,77) (-79,33) (-62,-72) (-91,88) (88,93) distance 801.75 shortcut 132.88
points (-61,16) (53,63) (76,-33) (56,-78) distance 394.30 shortcut 141.03
points (-16,47) (48,-15) (-41,-39) (-74,11) (-51,-58) (-15,97) (-82,55) (-84,-54) distance 627.70 shortcut 92.18
points (-24,60) (-43,51) (83,-11) (51,-74) distance 450.39 shortcut 128.41
points (-8,-31) (19,-34) (35,-27) (-32,46) (-38,51) (89,-85) distance 509.83 shortcut 87.32
points (-17,35) (38,-50) (-25,73) (98,-51) (93,-65) distance 330.51 shortcut 148.66
points (2,25) (-12,36) (-43,-41) (-42,63) (30,88) (81,49) (-95,47) (81,85) distance 551.50 shortcut 55.36
points (0,0) (3,45) (38,50) (33,67) (77,35) (-74,54) (-34,-97) (-56,93) (91,61) distance 794.51 shortcut 152.19
points (28,-62) (-32,-70) (81,5) (53,-67) (66,87) distance 374.91 shortcut 85.05
points (-24,34) (62,80) (-97,-38) (-62,-84) (-96,62) distance 449.97 shortcut 205.60
points (75,-11) (-31,-79) (58,-96) distance 212.62 shortcut 90.61
points (-9,6) (9,-20) (40,-16) (44,-9) (-62,43) (78,-33) (100,9) (-100,-14) distance 616.19 shortcut 55.08
points (-35,-17) (-79,-21) (80,37) (78,51) (-39,96) (-98,-39) (55,-95) (-47,100) distance 963.32 shortcut 125.16
points (-27,25) (-20,-51) (-42,-57) (-19,-92) (96,38) (99,31) distance 414.84 shortcut 41.88
points (5,-8) (-15,-4) (33,12) (45,-29) (-41,-54) (87,-6) (-40,-83) (-86,-60) distance 449.73 shortcut 148.52
points (-56,15) (11,70) (-57,47) (25,74) (-64,-56) (62,73) (84,63) (57,-97) distance 741.28 shortcut 103.24
points (2,26) (35,60) (0,-72) (-75,-11) (-30,71) (-85,-2) (-47,85) (-46,-92) (-79,80) (-57,98) distance 663.17 shortcut 172.24
points (-26,58) (-29,-81) (77,95) distance 314.90 shortcut 139.03
points (21,20) (5,81) (-4,-84) (67,-51) (85,-25) (-55,81) (-82,-80) (-97,81) (-91,89) distance 1091.44 shortcut 97.45
points (69,-13) (75,-14) (-2,80) (-88,-14) (-36,-93) distance 345.07 shortcut 136.24
points (-6,-42) (60,13) (-25,69) (-55,56) (-89,-8) (-34,95) (83,92) distance 612.18 shortcut 101.79
points (-11,11) (77,14) (-75,-46) (47,-78) (47,84) (-89,-38) (-45,96) (-71,87) (87,-91) distance 1197.06 shortcut 183.81
points (-7,18) (-7,19) (33,-35) (14,47) (6,-67) (-72,-25) (98,14) (98,-20) (-78,65) distance 759.49 shortcut 107.45
points (7,-39) (36,-39) (63,14) (31,89) (57,81) (33,95) (-88,-56) (-61,-85) (-86,69) (99,-56) distance 1356.30 shortcut 142.52
points (-26,1) (30,19) (-58,9) (84,61) distance 243.03 shortcut 68.41
points (71,3) (-38,71) (-34,78) (-50,72) (-27,98) (99,34) (-89,-92) distance 703.19 shortcut 141.91
points (6,50) (-30,51) (-31,65) (75,42) (-95,-55) (93,-73) distance 428.68 shortcut 124.34
points (-36,20) (61,-23) (56,34) (74,37) (-86,-7) (-3,96) distance 446.70 shortcut 147.87
points (-36,-49) (-56,24) (68,-24) (79,4) (-17,84) (54,77) distance 526.51 shortcut 101.97
points (-17,-17) (17,55) (18,-84) (22,-88) (-9,93) (-54,-85) (-50,-92) (-91,-88) distance 911.94 shortcut 102.55
points (-6,5) (37,14) (45,-24) (41,31) (48,-30) (-62,25) (79,-24) (46,-72) (-52,78) (-12,-99) distance 590.02 shortcut 140.76
points (9,29) (-34,43) (68,7) (29,63) (-54,-62) distance 275.40 shortcut 140.16
points (4,-32) (20,-33) (25,-62) (-71,-11) (-90,59) (-92,88) distance 593.27 shortcut 77.88
points (2,16) (-53,-32) (-86,-52) (-100,45) distance 217.63 shortcut 98.01
points (-23,40) (-51,23) (37,47) (-63,-46) (-53,-68) (-27,-88) (-81,-57) (-71,-95) distance 680.60 shortcut 94.85
points (43,-70) (82,11) (-43,-80) (-32,93) distance 420.62 shortcut 140.43
points (1,-4) (11,7) (4,-23) (-42,-1) (60,-21) (-42,-69) (-59,-61) (27,-83) (38,100) distance 506.48 shortcut 183.33
points (6,38) (-92,22) (-81,68) (77,75) (65,94) distance 500.38 shortcut 158.15
points (-6,15) (23,-34) (47,-26) (-54,-5) (46,46) (20,-78) (72,-40) (-71,-42) (93,96) distance 728.78 shortcut 143.01
points (-3,-21) (34,-50) (-31,88) (98,-12) (-75,-98) distance 534.20 shortcut 47.01
points (22,-1) (36,13) (32,71) (-83,7) (86,4) (85,-28) (96,-41) (98,70) distance 680.18 shortcut 86.05
points (-26,-28) (-33,47) (-56,50) (-3,87) (77,-50) (-88,-53) (-82,86) (100,-88) distance 826.34 shortcut 62.63
points (-5,0) (-11,-21) (-13,-29) (33,0) (61,13) (-6,80) (31,-84) (86,-30) (-98,17) distance 617.00 shortcut 91.39
points (8,-31) (1,49) (-44,53) (-27,-66) (-80,21) distance 439.58 shortcut 85.70
points (27,-14) (-62,27) (-36,71) (-73,71) distance 282.40 shortcut 51.11
points (-8,24) (-46,13) (-4,49) (-57,19) (-62,-18) (81,1) (-71,-41) (82,-3) (-95,80) distance 689.84 shortcut 4.12
points (42,-4) (24,53) (45,-38) (-23,60) (-66,-35) (-66,-45) (-34,73) (-50,82) (-30,-93) distance 805.48 shortcut 122.26
points (-26,25) (23,-30) (73,-6) (79,-8) (85,-35) (95,35) (51,88) (97,-37) (-59,93) distance 929.08 shortcut 39.20
points (39,-25) (-20,76) (86,-8) (85,41) (-83,75) (93,75) distance 419.12 shortcut 188.28
points (16,80) (85,41) (-94,-57) distance 379.77 shortcut 79.26
points (26,-26) (-45,-17) (-46,19) (46,59) (11,85) (89,77) distance 374.88 shortcut 163.68
points (-11,56) (-18,60) (8,65) (-13,69) (80,30) (-38,-93) (93,-39) (68,99) (-96,96) distance 926.67 shortcut 70.04
points (-22,-61) (63,29) (43,68) (29,-92) (84,53) (-96,37) distance 606.43 shortcut 144.45
points (42,7) (5,49) (66,-54) (49,-71) (53,-84) (97,77) distance 519.53 shortcut 89.02
points (45,-62) (-91,29) (-66,99) (-76,-94) distance 393.80 shortcut 125.16
points (-14,0) (36,9) (-64,53) (-62,77) (-94,48) distance 196.04 shortcut 135.72
points (-10,26) (-72,9) (-70,-36) (61,-57) (-82,-19) distance 259.98 shortcut 148.48
points (44,-41) (59,-13) (90,-28) distance 66.20 shortcut 47.80
points (7,35) (35,-38) (0,56) (27,63) (-74,34) (-32,99) distance 335.61 shortcut 101.32
points (29,-5) (31,-8) (51,30) (-28,71) (62,57) (-78,63) (99,58) (-87,-79) (96,-87) distance 996.93 shortcut 105.89
points (-19,22) (-29,12) (-18,-42) (-26,-44) (-60,-33) (-82,-3) distance 258.42 shortcut 55.08
points (5,17) (-30,65) (71,-18) (-36,-69) (20,-95) (-52,86) distance 555.40 shortcut 155.82
points (7,35) (14,-42) (-41,-21) (-74,-5) (32,88) distance 303.27 shortcut 131.19
points (31,-32) (-34,-45) (-31,62) (73,27) (100,74) distance 475.10 shortcut 54.20
points (-88,6) (12,90) (-24,95) (86,48) (97,-20) (44,-95) distance 696.73 shortcut 179.00
points (20,-27) (43,-3) (48,-12) (-10,-82) (12,-92) (-82,-44) (88,58) distance 489.56 shortcut 108.85
points (8,-13) (7,26) (63,24) (51,57) (-77,53) (52,-86) (95,43) (89,-65) (93,92) distance 653.03 shortcut 49.04
points (-1,0) (-47,-61) (77,-16) (78,41) (54,-74) (-75,-76) (99,-42) distance 706.96 shortcut 163.41
points (42,-11) (33,-41) (20,58) (-72,16) (4,89) (84,-58) (-68,81) (74,-96) distance 708.66 shortcut 158.38
points (-3,-7) (8,5) (7,17) (0,-36) (39,38) (65,-13) (-78,-7) (15,85) (88,38) (94,-99) distance 744.44 shortcut 29.15
points (-63,-41) (-87,4) (-79,41) (-93,-8) (-48,-88) (-94,46) (43,96) (-75,-92) (-79,-98) distance 886.09 shortcut 7.21
points (7,-41) (53,33) (60,-66) distance 145.73 shortcut 99.25
points (49,-19) (-69,56) (80,46) (-77,77) distance 252.89 shortcut 149.34
points (-19,27) (68,2) (88,99) distance 219.49 shortcut 99.04
points (-5,70) (85,-51) (77,-74) (-52,-96) (-99,-60) distance 601.20 shortcut 184.22
points (14,24) (-28,-10) (4,-34) (-48,37) (-60,34) (88,-7) (-67,60) distance 454.00 shortcut 153.57
points (-1,-70) (24,75) (-23,81) distance 199.98 shortcut 147.14
points (4,-1) (5,-11) (-22,-25) (11,-51) (-54,18) (43,56) (88,-1) distance 447.11 shortcut 10.05
points (44,-17) (42,25) (-77,2) (-87,37) distance 385.38 shortcut 129.56
points (-31,-13) (76,-29) (-86,-39) distance 223.14 shortcut 108.19
points (-20,-21) (20,-70) (83,-4) (23,80) (41,77) distance 275.97 shortcut 115.43
points (7,57) (77,7) (65,45) (-71,44) (27,-90) (74,-68) (-70,75) (98,-31) (-49,-93) distance 808.28 shortcut 160.86
points (-9,-7) (69,-24) (-43,91) (-37,-96) distance 418.97 shortcut 79.83
points (7,-26) (24,-40) (49,18) (-4,-57) (54,-27) (75,-16) (-24,-80) (-42,-83) (-97,20) (-46,99) distance 876.34 shortcut 180.35
points (-8,20) (18,-76) (65,-48) (-42,74) (-86,20) (87,-25) (-89,32) (-97,-24) (26,97) distance 992.06 shortcut 31.83
points (10,11) (20,46) (4,-56) (80,-63) distance 268.01 shortcut 36.40
points (12,51) (52,-7) (-77,0) (81,0) (79,48) (-90,60) (-69,85) distance 706.90 shortcut 152.00
points (-5,0) (78,6) (86,68) distance 196.82 shortcut 62.51
points (-34,37) (-8,-57) (80,-24) (55,-76) (27,-93) (-72,66) (-94,-28) (58,84) (-58,84) (-82,-78) distance 813.89 shortcut 179.69
points (5,-54) (28,-60) (-39,72) (2,85) (89,-16) (-80,49) (-74,-98) distance 987.62 shortcut 148.03
points (-10,-22) (-10,-52) (44,56) (-27,-73) (25,-74) (43,72) (-88,-90) distance 675.01 shortcut 27.02
points (-32,-35) (-31,-43) (42,60) (75,4) (-76,-2) (-32,71) (-45,-65) (82,32) distance 649.61 shortcut 74.81
points (22,-29) (34,-35) (18,-82) (76,-41) (69,-66) distance 184.08 shortcut 46.75
points (-9,38) (-40,60) (51,74) (-85,89) (-94,95) distance 385.70 shortcut 91.53
points (60,-28) (25,62) (69,-21) (-64,-61) (2,89) (54,88) distance 544.57 shortcut 38.95
points (4,-17) (-24,-5) (53,-10) (-60,71) (94,-16) (-91,53) (-72,-77) (80,-99) distance 1027.87 shortcut 49.50
points (31,-33) (-51,-51) (-53,66) (100,88) distance 377.82 shortcut 117.02
points (-36,-11) (-46,4) (36,33) (-40,-42) (81,-26) (-63,67) (-49,-82) (96,-36) (87,-85) (-91,-86) distance 945.30 shortcut 136.13
points (-17,-40) (-39,24) (37,49) (-11,67) (-5,92) (-71,-59) (59,75) (-95,42) (48,100) (-100,64) distance 885.69 shortcut 154.31
points (56,-23) (-43,-48) (80,-50) (-97,-32) (88,92) distance 451.97 shortcut 142.23
points (-24,-67) (-77,59) (84,-70) (58,98) (69,94) (81,88) distance 659.70 shortcut 108.04
points (-27,-10) (-25,30) (-27,-33) (50,-14) (41,-45) (19,-74) (76,-15) (-57,-80) (96,-48) distance 689.25 shortcut 38.59
points (15,-29) (55,42) (-81,45) (73,72) distance 237.69 shortcut 156.35
points (-25,-36) (77,-46) (74,93) distance 301.64 shortcut 102.49
points (22,-22) (-21,43) (-7,-69) (4,71) (-80,10) (79,-27) (-33,91) (-54,-83) (-99,97) distance 970.29 shortcut 162.10
points (22,63) (-19,69) (31,73) (83,0) (-93,22) (66,92) distance 520.05 shortcut 50.16
points (15,33) (-13,-48) (26,-45) (-20,52) (37,51) (-5,-67) (-69,41) (-84,31) distance 686.50 shortcut 57.01
points (29,8) (39,7) (-54,-60) (-85,-8) (-54,70) (92,68) (-56,100) distance 604.75 shortcut 60.54
points (-23,-23) (30,30) (-43,26) (-49,-16) (24,50) (-22,54) (54,-27) (-60,-29) (40,72) (72,42) distance 693.04 shortcut 114.02
points (-26,5) (23,-29) (41,-21) (-10,56) (-33,91) (72,68) (32,97) (-88,81) distance 616.39 shortcut 71.87
points (17,-26) (35,-2) (-18,-44) (54,32) (-63,12) (-59,73) (-59,75) (-10,96) distance 680.53 shortcut 38.95
points (2,56) (-58,-38) (-33,98) distance 166.19 shortcut 138.28
points (31,-31) (56,-7) (28,56) (-71,22) (25,92) (-69,-66) (19,96) distance 662.66 shortcut 183.85
points (8,-16) (15,26) (36,41) (-53,-20) (-56,-22) (-62,24) (44,55) (12,84) (-93,53) (97,46) distance 841.63 shortcut 3.61
points (-13,-27) (15,29) (-15,-46) (31,-45) (-58,-16) (-12,-68) (-50,82) (95,-22) distance 715.23 shortcut 52.43
points (15,-6) (-12,33) (-9,34) (32,34) (73,43) (-80,35) (-78,57) (92,-36) (48,-90) distance 902.47 shortcut 44.01
points (30,-22) (-66,42) (-2,-93) (-97,-56) distance 396.25 shortcut 101.95
points (-55,8) (25,70) (69,28) (79,-34) (95,29) (-45,89) (97,69) distance 469.98 shortcut 174.66
points (1,32) (31,-60) (-70,-14) (39,67) (37,73) (-92,69) (92,79) (100,-98) distance 889.12 shortcut 135.80
points (-47,0) (-58,-61) (66,60) (-92,24) (71,65) (86,-92) distance 656.99 shortcut 168.08
points (22,-27) (-53,-5) (-7,-55) (-67,11) (-81,-19) (-60,61) (85,-78) (86,83) distance 998.11 shortcut 67.94
points (-31,-2) (22,-25) (44,-45) (6,-96) (81,61) (51,-97) (-92,94) (92,-97) distance 963.85 shortcut 29.73
points (3,-26) (36,-19) (33,35) (-45,-20) (-31,-40) (-6,63) (-25,65) (-65,54) (94,-80) (84,-98) distance 861.93 shortcut 131.24
points (-2,8) (-92,5) (55,-87) distance 263.47 shortcut 110.79
points (29,16) (-23,30) (-37,-32) (47,-27) (-26,77) (37,76) (-23,-89) (75,-57) (26,99) (-40,97) distance 728.71 shortcut 90.27
points (-10,-13) (56,-6) (14,-66) (72,-36) (62,-53) (58,-62) (29,-83) (-32,-82) (-95,-35) distance 550.53 shortcut 58.18
points (33,-66) (-76,24) (-74,36) (49,-68) (-49,-77) (28,-89) (-1,-95) (-88,74) distance 476.19 shortcut 104.55
points (-6,-13) (-4,56) (52,-41) (67,-13) (-71,-50) (95,69) distance 580.41 shortcut 31.76
points (26,-9) (-44,-94) (99,-58) (95,83) distance 403.52 shortcut 110.11
points (7,48) (53,14) (26,-86) (-57,77) distance 231.05 shortcut 182.92
points (12,50) (-14,-72) (-10,-73) (-33,96) (79,-78) distance 424.93 shortcut 64.35
points (-49,-21) (-54,-25) (29,64) (-31,73) (63,-61) (9,-91) (-55,-94) (54,-100) (-99,-65) distance 789.10 shortcut 73.25
points (-9,-4) (-36,-9) (64,-17) (43,64) (-21,75) (66,-42) (-4,-83) (-86,-38) (-95,45) (86,80) distance 1208.47 shortcut 100.32
points (30,7) (31,-17) (-22,-67) (71,9) (-73,11) (-31,-70) (-28,87) (100,-13) (-80,85) (95,-79) distance 1199.76 shortcut 47.71
points (-3,45) (6,-70) (48,-52) distance 161.05 shortcut 109.59
points (-6,0) (-4,21) (50,24) (19,61) (86,6) (-6,90) (-95,-13) (-100,25) (-84,60) (60,-91) distance 908.39 shortcut 38.48
points (-8,-25) (5,36) (-11,38) (-40,-22) (-11,48) (58,-1) (-55,-52) (-79,-20) (82,30) distance 604.20 shortcut 39.20
points (-44,-29) (-44,-44) (-89,6) (-89,-24) (-89,-25) (-89,53) (-47,-96) (-94,93) distance 505.54 shortcut 77.00
points (20,27) (-92,21) (-94,34) distance 127.37 shortcut 112.16
points (37,7) (46,-25) (64,18) (75,13) (78,3) (-77,-25) (-85,21) (-79,48) (-84,56) (77,84) distance 1171.08 shortcut 163.99
points (1,-12) (-10,19) (45,-23) (88,-11) (53,81) (15,-98) (-72,77) distance 653.88 shortcut 153.91
points (-25,-86) (-95,23) (-98,-3) (96,-81) distance 364.81 shortcut 121.10
points (-50,1) (-57,27) (-61,-60) (-10,-85) (92,67) (-64,-97) (-98,-84) (98,99) distance 907.70 shortcut 226.34
points (17,-21) (36,7) (30,-43) distance 59.39 shortcut 50.36
points (-18,5) (-22,-13) (66,35) (18,79) (-29,-76) (47,-71) (-63,-79) distance 586.18 shortcut 82.29
points (-17,26) (37,0) (28,48) (-80,-11) (-90,-27) (69,-79) distance 515.49 shortcut 117.52
points (-48,-32) (-58,39) (72,-7) (76,22) (-81,14) (74,-49) (-96,-5) (-64,-81) (-96,82) (91,88) distance 1515.60 shortcut 24.21
points (35,-8) (96,-26) (81,87) distance 177.59 shortcut 105.55
points (67,-33) (2,-77) (-88,-8) distance 270.41 shortcut 78.49
points (-16,15) (-88,14) (84,-100) distance 278.36 shortcut 152.40
points (-6,-10) (-46,9) (-29,-45) (68,-16) (70,15) (-35,-83) (-48,-84) (96,93) distance 656.27 shortcut 143.63
points (32,15) (41,8) (24,39) (52,4) (-19,-78) (40,83) (-95,-10) (-70,79) (95,-50) (-98,72) distance 913.77 shortcut 120.42
points (-56,59) (83,-10) (63,-59) (-42,-86) (40,-93) distance 419.43 shortcut 146.29
points (-43,29) (-70,-31) (33,86) (95,56) (94,74) distance 391.57 shortcut 140.62
points (26,-16) (-45,-13) (-62,-14) (-74,-21) (-13,-86) (93,-45) (87,79) (-64,-99) (-83,95) (-92,-97) distance 1005.79 shortcut 113.65
points (30,30) (-5,-93) (-77,-68) distance 204.10 shortcut 145.10
points (7,-32) (22,43) (-35,-37) (-48,-19) (63,18) (-64,-45) (-64,65) (-74,88) (93,87) distance 862.67 shortcut 144.78
points (17,32) (0,55) (48,-31) (-45,-78) (-91,17) (6,-95) (-89,-36) (-10,-97) distance 741.22 shortcut 127.29
points (7,-38) (-15,36) (14,54) (56,-44) (-19,-77) (27,85) (84,-33) (-75,-51) (95,4) (70,74) distance 992.06 shortcut 93.11
points (-8,16) (-14,-31) (-45,32) (-62,5) (-76,-21) (-68,-70) (-54,90) distance 422.50 shortcut 160.61
points (24,7) (-2,-96) (-2,-100) (99,-29) distance 312.88 shortcut 4.00
points (-15,-9) (-24,-23) (28,-31) (35,-30) (-39,43) (-55,29) (-14,-69) (-44,66) (73,-65) (-74,70) distance 755.15 shortcut 55.17
points (-36,21) (36,-33) (39,98) distance 238.52 shortcut 90.00
points (51,-71) (79,-53) (80,-60) (-98,97) distance 264.91 shortcut 237.35
points (20,-53) (0,-70) (2,76) distance 276.26 shortcut 26.25
points (-2,18) (-26,33) (38,-27) (7,-50) (-51,29) (85,67) (68,-97) (100,-82) distance 854.58 shortcut 87.73
points (12,11) (-35,-36) (-73,18) (60,-66) (89,45) distance 445.05 shortcut 85.29
points (40,-35) (-35,50) (29,-69) (-69,53) (-69,-57) (-4,91) (28,-89) (-9,-96) (29,94) (93,77) distance 871.60 shortcut 140.09
points (7,-57) (-69,-52) (-35,95) (97,49) distance 410.26 shortcut 157.70
points (43,67) (20,81) (-26,84) (-13,-90) distance 419.70 shortcut 26.93
points (3,-7) (-7,11) (2,-22) (36,54) (67,24) (-56,57) (34,-92) (76,-95) distance 576.85 shortcut 34.21
points (42,12) (19,-47) (-56,-75) (96,12) (-96,-53) distance 345.85 shortcut 97.01
points (43,-5) (-71,8) (-80,-5) (65,-57) (-49,77) (89,-35) (-97,44) distance 754.32 shortcut 15.81
points (15,11) (-42,-25) (67,84) distance 243.78 shortcut 67.42
points (66,-2) (45,60) (-62,44) (-30,88) (0,95) (35,-89) (-55,84) (-82,-97) (-98,98) distance 1146.38 shortcut 25.32
points (-27,-6) (-45,36) (-72,-12) distance 100.47 shortcut 45.69
points (-66,43) (9,-88) (26,-88) (-79,89) distance 373.75 shortcut 47.80
points (-28,-24) (50,-30) (-35,-48) (-69,-46) (-83,-28) (-80,-47) (58,-79) (46,-88) (-72,-69) (-22,98) distance 830.19 shortcut 23.41
points (4,39) (-51,-24) (-4,-57) (-61,-20) (-80,-27) (4,-95) (-90,-52) (35,-100) (-59,99) distance 785.01 shortcut 165.41
points (-3,54) (-71,-6) (96,-49) distance 233.55 shortcut 172.45
points (29,-19) (-49,-17) (52,42) (51,-63) (15,93) (-64,79) distance 667.07 shortcut 112.87
points (21,-28) (52,27) (12,-64) (-45,-54) (-80,-32) (-90,-49) distance 356.25 shortcut 103.10
points (-19,26) (-53,-23) (-62,11) (14,-74) (-34,71) (98,-24) (67,-83) (81,95) distance 873.30 shortcut 84.20
points (30,21) (49,62) (53,63) (54,81) (-100,-6) (77,84) distance 504.05 shortcut 18.03
points (14,32) (-59,63) (30,-88) (-83,48) (79,-95) distance 604.43 shortcut 216.09
points (-65,-2) (8,-65) (-16,-64) (-67,-31) (-2,-81) (64,-50) (-38,77) (-19,97) (79,-82) (-85,78) distance 1045.08 shortcut 82.01
points (-50,-16) (30,-44) (7,-55) (17,75) (-33,-73) (-91,-17) (-92,-49) (-85,-64) (80,77) (-98,-92) distance 1051.14 shortcut 75.33
points (33,16) (6,-75) (54,-61) (-58,-78) (95,37) distance 352.40 shortcut 113.28
points (-2,-18) (62,-22) (-60,-46) (31,82) (60,-65) (-38,93) distance 633.02 shortcut 116.69
points (-27,-65) (-27,-65) (83,-21) (46,95) distance 240.23 shortcut 175.87
points (1,8) (-40,-9) (-44,-17) (-46,-15) (57,-52) (-53,91) (70,-97) distance 394.54 shortcut 99.02
points (35,-28) (-58,43) (-84,29) distance 248.95 shortcut 29.53
points (4,-11) (41,-2) (-97,-35) distance 245.70 shortcut 38.08
points (-18,42) (-43,30) (12,-80) (-88,2) (85,-29) distance 473.87 shortcut 125.10
points (20,18) (22,26) (-44,-16) distance 150.70 shortcut 8.25
points (31,-16) (20,-39) (19,-50) (-31,-50) (66,48) (-90,-42) (-91,-50) distance 384.48 shortcut 52.17
points (-24,20) (-5,-35) (42,-6) (75,-27) (97,-12) (98,-10) (95,-54) distance 420.12 shortcut 56.14
points (59,22) (4,65) (-19,-86) (4,91) (93,-91) distance 584.12 shortcut 179.60
points (18,82) (66,-65) (93,-19) distance 207.98 shortcut 125.80
points (6,-15) (70,6) (-9,-88) (89,0) distance 226.16 shortcut 67.36
points (-70,-6) (-36,-67) (-1,-86) (-47,79) (-34,89) (-66,-98) distance 697.17 shortcut 39.82
points (-43,-4) (95,-5) (86,-41) (70,-94) distance 337.83 shortcut 37.11
points (-12,-3) (20,-45) (-67,20) (-13,69) (65,-47) (64,-67) (67,86) distance 526.80 shortcut 72.92
points (-34,5) (28,21) (-61,-31) (-14,75) (36,-74) (-68,-51) (76,-43) (40,99) (-90,-97) distance 822.13 shortcut 50.99
points (38,4) (-3,58) (-81,32) (-63,63) (91,-23) (-51,-89) distance 615.85 shortcut 152.47
points (36,-20) (-5,-60) (30,64) (13,85) (50,-90) (100,29) (42,-100) (-85,73) (-88,96) distance 1079.71 shortcut 176.71
points (-6,29) (-35,-30) (-33,35) (40,41) (-39,43) (66,-3) (99,4) (-77,68) distance 778.76 shortcut 65.74
points (-47,-19) (56,8) (63,44) (-12,81) (86,-18) (22,-89) (-82,-52) (89,-40) distance 872.94 shortcut 157.61
points (-14,30) (-27,28) (11,54) (70,33) (82,4) (34,79) (48,-77) distance 618.09 shortcut 86.84
points (61,-10) (-1,-78) (73,30) (-81,26) (-69,-99) distance 513.98 shortcut 41.76
points (25,76) (-56,-73) (-91,51) distance 247.51 shortcut 169.59
points (9,-40) (38,-42) (60,-11) (-29,-67) (82,-4) (-41,-72) (-39,83) (-93,39) (96,-75) (-97,88) distance 1092.60 shortcut 73.43
points (31,15) (-64,16) (53,64) (67,-78) distance 368.88 shortcut 95.01
points (-23,-49) (-52,-82) (-75,-70) (38,96) distance 382.71 shortcut 56.08
points (-8,-28) (36,-13) (-8,-40) (-43,54) (-64,-28) (57,-43) (11,-78) (67,-47) (60,-69) (-75,88) distance 690.28 shortcut 53.49
points (-16,50) (43,-35) (12,-63) (30,65) (-24,-80) (67,58) distance 354.11 shortcut 39.81
points (36,19) (44,-34) (-5,60) (-16,59) (-48,-72) (-19,85) (-97,54) distance 550.18 shortcut 83.93
points (-34,-22) (-39,-61) (-71,32) (-50,68) (70,67) (-93,76) distance 391.78 shortcut 145.28
points (0,18) (27,20) (56,-18) (52,-30) (44,-63) (-88,37) (-57,81) (-48,90) (86,-87) (88,97) distance 954.06 shortcut 66.57
points (5,59) (2,60) (39,73) (79,26) (-67,-77) (45,-97) (84,-100) distance 816.71 shortcut 127.61
points (12,37) (-43,29) (-62,-78) (96,51) distance 333.06 shortcut 203.97
points (65,38) (-26,75) (97,-36) distance 263.91 shortcut 80.62
points (31,-43) (-64,57) (58,-68) distance 174.73 shortcut 174.67
points (48,-2) (-82,-54) (-91,84) distance 278.31 shortcut 163.45
points (7,8) (-97,-37) (64,88) (-100,61) distance 398.93 shortcut 203.83
points (-48,-26) (9,68) (-52,-96) distance 180.05 shortcut 174.98
points (6,47) (-9,60) (-79,-40) distance 243.70 shortcut 19.85
points (4,-20) (17,31) (-23,-49) (52,23) (-14,64) (-74,-28) (-8,86) (-83,-68) (93,-85) distance 916.11 shortcut 109.84
points (-23,-5) (-30,28) (-68,55) (-85,45) (95,-69) distance 476.41 shortcut 19.72
points (31,-43) (-72,-57) (90,35) (32,97) (47,94) (78,-74) (69,-91) (90,97) distance 942.48 shortcut 43.10
points (-23,-5) (-44,34) (59,53) (-21,78) distance 288.20 shortcut 49.65
points (-19,36) (-37,45) (71,23) (-25,83) (23,-84) (80,-37) (26,-90) (77,-67) (-77,86) distance 839.16 shortcut 39.85
points (-5,-8) (-39,0) (55,21) (-26,55) (38,-53) (-25,62) (24,77) (-37,72) (84,68) (95,-54) distance 776.44 shortcut 110.07
points (76,0) (-76,-17) (-45,-69) (57,82) distance 284.00 shortcut 165.80
points (-43,-43) (13,-74) (-60,-59) (3,-92) (94,-24) (-83,-57) distance 314.19 shortcut 95.19
points (15,-18) (31,-56) (-60,-48) (79,11) (-59,-60) (-40,75) (77,55) (85,98) distance 755.09 shortcut 12.04
points (-25,-48) (-1,-69) (6,74) (-73,46) (90,-37) distance 395.08 shortcut 125.88
points (36,-1) (36,-42) (-13,63) (50,-46) (70,-18) (82,50) (97,19) (0,99) (-73,79) (84,70) distance 815.13 shortcut 45.80
points (7,1) (23,33) (1,63) (63,1) (-81,15) (-96,-10) (97,-50) (-87,-82) distance 738.69 shortcut 37.20
points (-28,8) (32,-15) (20,32) (39,-25) (32,-47) (76,-22) (-48,71) (-46,-75) (32,-83) (97,-9) distance 738.11 shortcut 157.50
points (20,-20) (67,-4) (-46,-52) (-66,-47) (-89,23) (-29,97) (-85,-59) (-83,95) distance 809.33 shortcut 148.68
points (-25,-9) (-41,-11) (61,9) (-70,14) (-21,74) (53,-57) (-38,82) (7,92) (-89,85) distance 779.06 shortcut 142.02
points (1,34) (26,-41) (-45,62) distance 178.95 shortcut 79.06
points (75,-3) (-65,55) (89,50) (53,88) distance 297.51 shortcut 154.08
points (7,-7) (-8,40) (-34,64) (52,54) (-46,76) (86,-36) (-91,-65) (-94,-87) (95,97) distance 722.99 shortcut 202.97
points (38,-10) (55,33) (70,36) (-37,-71) (-64,-50) (33,-93) (-95,32) (91,-59) distance 638.25 shortcut 118.21
points (-6,15) (60,19) (-29,-89) (-58,80) (85,54) (74,89) distance 656.47 shortcut 36.69
points (-38,-49) (22,-63) (-42,-53) (71,-6) (-10,82) (78,61) (-80,62) (92,-84) distance 836.07 shortcut 64.78
points (-52,2) (45,-35) (51,-32) (-10,-97) (-55,-83) distance 333.64 shortcut 47.13
points (-10,-5) (17,-40) (18,49) (27,59) (-49,-44) (61,49) (65,-52) (-11,-90) (89,-52) (-57,99) distance 1097.82 shortcut 114.13
points (30,65) (-69,-53) (-38,81) (-93,-24) (-89,-54) (96,42) (-63,-94) (99,-64) (82,-89) distance 1222.48 shortcut 168.29
points (27,-23) (-83,-2) (59,-67) (-42,100) distance 409.19 shortcut 195.17
points (67,30) (42,79) (-95,-22) (-84,-83) (-79,-91) distance 576.84 shortcut 170.21
points (-8,-38) (-14,-85) (-89,-22) (-33,-87) distance 187.47 shortcut 47.38
points (-12,5) (-48,7) (-19,-50) (61,64) distance 239.28 shortcut 93.86
points (2,43) (53,-1) (-69,28) distance 197.97 shortcut 67.36
points (-9,-75) (29,82) (-79,-45) (93,18) (-8,98) (-86,-70) (85,-94) distance 800.69 shortcut 185.22
points (-9,-39) (17,52) (11,78) (-86,-8) (77,-75) distance 508.69 shortcut 94.64
points (-38,-7) (32,61) (46,66) (17,87) distance 244.68 shortcut 30.02
points (10,-21) (9,-48) (2,59) (-43,43) (-38,57) (71,42) (63,-58) (-82,-55) (95,-50) distance 856.51 shortcut 14.87
points (24,-41) (47,14) (36,-38) (7,61) (-71,23) (-56,-81) distance 511.36 shortcut 59.62
points (8,-19) (23,8) (17,-22) (53,-36) (64,-49) (79,39) (90,-16) (98,-64) (-81,-92) distance 745.41 shortcut 17.03
points (3,67) (-45,54) (51,61) (28,79) distance 106.67 shortcut 96.25
points (38,0) (-47,-3) (-51,-1) (-60,-40) (31,72) (-80,31) (-88,23) (85,84) distance 562.28 shortcut 48.55
